<?xml version="1.0" encoding="UTF-8"?>
<testsuite name="com.heaven7.java.machine.learning.test.BayesTest" tests="1" skipped="0" failures="0" errors="0" timestamp="2017-06-29T09:46:29" hostname="DESKTOP-PLP1QUM" time="0.007">
  <properties/>
  <testcase name="testTrain" classname="com.heaven7.java.machine.learning.test.BayesTest" time="0.007"/>
  <system-out><![CDATA[len = 6
t = 2 ,p0 = 26.0
t = 2 ,p0 = 26.0
t = 2 ,p0 = 26.0
t = 1 ,p0 = 26.0
t = 1 ,p0 = 26.0
t = 2 ,p0 = 26.0
t = 1 ,p0 = 26.0
t = 1 ,p0 = 26.0
t = 2 ,p0 = 26.0
t = 1 ,p0 = 26.0
t = 1 ,p0 = 26.0
t = 4 ,p0 = 26.0
t = 2 ,p0 = 26.0
t = 2 ,p0 = 26.0
t = 1 ,p0 = 26.0
t = 2 ,p0 = 26.0
t = 1 ,p0 = 26.0
t = 2 ,p0 = 26.0
t = 2 ,p0 = 26.0
t = 2 ,p0 = 26.0
t = 1 ,p0 = 26.0
t = 2 ,p0 = 26.0
t = 2 ,p0 = 26.0
t = 2 ,p0 = 26.0
t = 3 ,p0 = 26.0
t = 2 ,p0 = 26.0
t = 2 ,p0 = 26.0
t = 2 ,p0 = 26.0
t = 1 ,p0 = 26.0
t = 2 ,p0 = 26.0
t = 1 ,p0 = 26.0
t = 2 ,p0 = 26.0
TrainResult [total1Ratio=0.5, 
 p1Vector=[-3.0445225, -1.658228, -3.0445225, -2.3513753, -3.0445225, -3.0445225, -3.0445225, -2.3513753, -3.0445225, -3.0445225, -3.0445225, -2.3513753, -3.0445225, -3.0445225, -3.0445225, -2.3513753, -3.0445225, -2.3513753, -3.0445225, -3.0445225, -3.0445225, -2.3513753, -2.3513753, -3.0445225, -2.3513753, -1.9459101, -2.3513753, -2.3513753, -2.3513753, -2.3513753, -1.9459101, -3.0445225], 
 p0Vector=[-2.5649493, -3.2580965, -2.5649493, -3.2580965, -2.5649493, -2.5649493, -2.5649493, -2.1594841, -2.5649493, -2.5649493, -2.5649493, -3.2580965, -2.5649493, -2.5649493, -2.5649493, -3.2580965, -2.5649493, -3.2580965, -2.5649493, -2.5649493, -1.8718021, -3.2580965, -3.2580965, -2.5649493, -3.2580965, -3.2580965, -2.5649493, -3.2580965, -3.2580965, -2.5649493, -2.5649493, -2.5649493]]
2.718281828459045
]]></system-out>
  <system-err><![CDATA[]]></system-err>
</testsuite>
